{"/home/mohamedomarii/Desktop/week5/week5-hibas-angels/tests/back-end/tests.js":{"path":"/home/mohamedomarii/Desktop/week5/week5-hibas-angels/tests/back-end/tests.js","s":{"1":1,"2":1,"3":1,"4":1,"5":1,"6":1},"b":{},"f":{},"fnMap":{},"statementMap":{"1":{"start":{"line":1,"column":0},"end":{"line":1,"column":29}},"2":{"start":{"line":2,"column":0},"end":{"line":2,"column":29}},"3":{"start":{"line":4,"column":0},"end":{"line":8,"column":3}},"4":{"start":{"line":5,"column":2},"end":{"line":5,"column":14}},"5":{"start":{"line":6,"column":2},"end":{"line":6,"column":37}},"6":{"start":{"line":7,"column":2},"end":{"line":7,"column":10}}},"branchMap":{}}}